#
# There is insufficient memory for the Java Runtime Environment to continue.
# Native memory allocation (malloc) failed to allocate 65552 bytes for Chunk::new
# Possible reasons:
#   The system is out of physical RAM or swap space
#   The process is running with CompressedOops enabled, and the Java Heap may be blocking the growth of the native heap
# Possible solutions:
#   Reduce memory load on the system
#   Increase physical memory or swap space
#   Check if swap backing store is full
#   Decrease Java heap size (-Xmx/-Xms)
#   Decrease number of Java threads
#   Decrease Java thread stack sizes (-Xss)
#   Set larger code cache with -XX:ReservedCodeCacheSize=
#   JVM is running with Unscaled Compressed Oops mode in which the Java heap is
#     placed in the first 4GB address space. The Java Heap base address is the
#     maximum limit for the native heap growth. Please use -XX:HeapBaseMinAddress
#     to set the Java Heap base and to place the Java Heap above 4GB virtual address.
# This output file may be truncated or incomplete.
#
#  Out of Memory Error (allocation.cpp:389), pid=2872, tid=0x0000000000002174
#
# JRE version: Java(TM) SE Runtime Environment (8.0_291-b10) (build 1.8.0_291-b10)
# Java VM: Java HotSpot(TM) 64-Bit Server VM (25.291-b10 mixed mode windows-amd64 compressed oops)
# Failed to write core dump. Minidumps are not enabled by default on client versions of Windows
#

---------------  T H R E A D  ---------------

Current thread (0x00000252a3c91000):  JavaThread "C2 CompilerThread0" daemon [_thread_in_native, id=8564, stack(0x000000a490200000,0x000000a490300000)]

Stack: [0x000000a490200000,0x000000a490300000]
Native frames: (J=compiled Java code, j=interpreted, Vv=VM code, C=native code)
V  [jvm.dll+0x32ea19]
V  [jvm.dll+0x275462]
V  [jvm.dll+0x27610d]
V  [jvm.dll+0x26cb45]
V  [jvm.dll+0xd524c]
V  [jvm.dll+0xd5a4c]
V  [jvm.dll+0xd559d]
V  [jvm.dll+0x4c619f]
V  [jvm.dll+0x4234b3]
V  [jvm.dll+0x4df888]
V  [jvm.dll+0x4dde8b]
V  [jvm.dll+0x4da148]
V  [jvm.dll+0x4d44ec]
V  [jvm.dll+0x4cf63c]
V  [jvm.dll+0x4cecdb]
V  [jvm.dll+0x4ccfbf]
V  [jvm.dll+0x42cb30]
V  [jvm.dll+0x43f865]
V  [jvm.dll+0x42aa57]
V  [jvm.dll+0xabeeb]
V  [jvm.dll+0xaa54b]
V  [jvm.dll+0x23db02]
V  [jvm.dll+0x29210c]
C  [ucrtbase.dll+0x21bb2]
C  [KERNEL32.DLL+0x17034]
C  [ntdll.dll+0x52651]


Current CompileTask:
C2:   2180  445   !   4       com.sun.tools.javac.parser.JavaTokenizer::readToken (2243 bytes)


---------------  P R O C E S S  ---------------

Java Threads: ( => current thread )
  0x00000252a3cfa800 JavaThread "Service Thread" daemon [_thread_blocked, id=6860, stack(0x000000a490400000,0x000000a490500000)]
  0x00000252a3c94000 JavaThread "C1 CompilerThread1" daemon [_thread_in_native, id=8576, stack(0x000000a490300000,0x000000a490400000)]
=>0x00000252a3c91000 JavaThread "C2 CompilerThread0" daemon [_thread_in_native, id=8564, stack(0x000000a490200000,0x000000a490300000)]
  0x00000252a3c8a800 JavaThread "Attach Listener" daemon [_thread_blocked, id=8340, stack(0x000000a490100000,0x000000a490200000)]
  0x00000252a3c88000 JavaThread "Signal Dispatcher" daemon [_thread_blocked, id=3476, stack(0x000000a490000000,0x000000a490100000)]
  0x00000252a3c40800 JavaThread "Finalizer" daemon [_thread_blocked, id=6100, stack(0x000000a48ff00000,0x000000a490000000)]
  0x00000252a3c70800 JavaThread "Reference Handler" daemon [_thread_blocked, id=2072, stack(0x000000a48fe00000,0x000000a48ff00000)]
  0x0000025292424000 JavaThread "main" [_thread_in_vm, id=3548, stack(0x000000a48fc00000,0x000000a48fd00000)]

Other Threads:
  0x00000252a3c30000 VMThread [stack: 0x000000a48fd00000,0x000000a48fe00000] [id=912]
  0x00000252a3d03000 WatcherThread [stack: 0x000000a490500000,0x000000a490600000] [id=9952]

VM state:not at safepoint (normal execution)

VM Mutex/Monitor currently owned by a thread: None

heap address: 0x00000000e0000000, size: 512 MB, Compressed Oops mode: 32-bit
Narrow klass base: 0x0000000000000000, Narrow klass shift: 3
Compressed class space size: 1073741824 Address: 0x0000000100000000

Heap:
 def new generation   total 157248K, used 19568K [0x00000000e0000000, 0x00000000eaaa0000, 0x00000000eaaa0000)
  eden space 139776K,  14% used [0x00000000e0000000, 0x00000000e131c2d8, 0x00000000e8880000)
  from space 17472K,   0% used [0x00000000e8880000, 0x00000000e8880000, 0x00000000e9990000)
  to   space 17472K,   0% used [0x00000000e9990000, 0x00000000e9990000, 0x00000000eaaa0000)
 tenured generation   total 349568K, used 0K [0x00000000eaaa0000, 0x0000000100000000, 0x0000000100000000)
   the space 349568K,   0% used [0x00000000eaaa0000, 0x00000000eaaa0000, 0x00000000eaaa0200, 0x0000000100000000)
 Metaspace       used 7288K, capacity 8212K, committed 8448K, reserved 1056768K
  class space    used 881K, capacity 912K, committed 1024K, reserved 1048576K

Card table byte_map: [0x00000252a3190000,0x00000252a32a0000] byte_map_base: 0x00000252a2a90000

Polling page: 0x0000025293da0000

CodeCache: size=245760Kb used=2492Kb max_used=2492Kb free=243267Kb
 bounds [0x0000025293dd0000, 0x0000025294050000, 0x00000252a2dd0000]
 total_blobs=752 nmethods=467 adapters=199
 compilation: enabled

Compilation events (10 events):
Event: 2.084 Thread 0x00000252a3c94000 nmethod 426 0x0000025294000cd0 code [0x0000025294000ea0, 0x0000025294001478]
Event: 2.084 Thread 0x00000252a3c91000 nmethod 428 0x0000025293fff290 code [0x0000025293fff3e0, 0x0000025293fff568]
Event: 2.085 Thread 0x00000252a3c94000  429       1       com.sun.tools.javac.parser.Tokens$StringToken::stringVal (5 bytes)
Event: 2.085 Thread 0x00000252a3c94000 nmethod 429 0x0000025293ff6910 code [0x0000025293ff6a60, 0x0000025293ff6b78]
Event: 2.085 Thread 0x00000252a3c94000  431       3       java.lang.String::<init> (82 bytes)
Event: 2.085 Thread 0x00000252a3c94000 nmethod 431 0x0000025293ffe950 code [0x0000025293ffeb20, 0x0000025293fff020]
Event: 2.085 Thread 0x00000252a3c94000  434       3       com.sun.tools.javac.parser.JavacParser::term3 (2502 bytes)
Event: 2.088 Thread 0x00000252a3c91000  441       4       com.sun.tools.javac.parser.UnicodeReader::scanChar (45 bytes)
Event: 2.090 Thread 0x00000252a3c91000 nmethod 441 0x0000025294008b90 code [0x0000025294008ce0, 0x0000025294008dc8]
Event: 2.100 Thread 0x00000252a3c91000  445   !   4       com.sun.tools.javac.parser.JavaTokenizer::readToken (2243 bytes)

GC Heap History (0 events):
No events

Deoptimization events (6 events):
Event: 0.429 Thread 0x0000025292424000 Uncommon trap: reason=unstable_if action=reinterpret pc=0x0000025293f1bffc method=java.io.BufferedReader.read()I @ 19
Event: 1.973 Thread 0x0000025292424000 Uncommon trap: reason=unstable_if action=reinterpret pc=0x0000025293f6ce20 method=java.lang.String.replace(CC)Ljava/lang/String; @ 26
Event: 1.981 Thread 0x0000025292424000 Uncommon trap: reason=unstable_if action=reinterpret pc=0x0000025293f46fdc method=java.io.WinNTFileSystem.normalize(Ljava/lang/String;)Ljava/lang/String; @ 104
Event: 1.981 Thread 0x0000025292424000 Uncommon trap: reason=class_check action=maybe_recompile pc=0x0000025293fa6b98 method=sun.misc.URLClassPath.getLoader(I)Lsun/misc/URLClassPath$Loader; @ 94
Event: 2.065 Thread 0x0000025292424000 Uncommon trap: reason=unstable_if action=reinterpret pc=0x0000025293f575a4 method=java.lang.String.<init>([CII)V @ 18
Event: 2.073 Thread 0x0000025292424000 Uncommon trap: reason=unstable_if action=reinterpret pc=0x0000025293fdc888 method=com.sun.tools.javac.parser.UnicodeReader.scanChar()V @ 37

Classes redefined (0 events):
No events

Internal exceptions (8 events):
Event: 0.111 Thread 0x0000025292424000 Exception <a 'java/lang/NoSuchMethodError': Method sun.misc.Unsafe.defineClass(Ljava/lang/String;[BII)Ljava/lang/Class; name or signature does not match> (0x00000000e0007cc0) thrown at [C:\jenkins\workspace\8-2-build-windows-amd64-cygwin\jdk8u291\1294\hot
Event: 0.112 Thread 0x0000025292424000 Exception <a 'java/lang/NoSuchMethodError': Method sun.misc.Unsafe.prefetchRead(Ljava/lang/Object;J)V name or signature does not match> (0x00000000e0007fa8) thrown at [C:\jenkins\workspace\8-2-build-windows-amd64-cygwin\jdk8u291\1294\hotspot\src\share\vm\
Event: 0.361 Thread 0x0000025292424000 Exception <a 'java/security/PrivilegedActionException'> (0x00000000e015e220) thrown at [C:\jenkins\workspace\8-2-build-windows-amd64-cygwin\jdk8u291\1294\hotspot\src\share\vm\prims\jvm.cpp, line 1523]
Event: 0.361 Thread 0x0000025292424000 Exception <a 'java/security/PrivilegedActionException'> (0x00000000e015e618) thrown at [C:\jenkins\workspace\8-2-build-windows-amd64-cygwin\jdk8u291\1294\hotspot\src\share\vm\prims\jvm.cpp, line 1523]
Event: 0.365 Thread 0x0000025292424000 Exception <a 'java/security/PrivilegedActionException'> (0x00000000e0162710) thrown at [C:\jenkins\workspace\8-2-build-windows-amd64-cygwin\jdk8u291\1294\hotspot\src\share\vm\prims\jvm.cpp, line 1523]
Event: 0.365 Thread 0x0000025292424000 Exception <a 'java/security/PrivilegedActionException'> (0x00000000e0162b08) thrown at [C:\jenkins\workspace\8-2-build-windows-amd64-cygwin\jdk8u291\1294\hotspot\src\share\vm\prims\jvm.cpp, line 1523]
Event: 0.374 Thread 0x0000025292424000 Exception <a 'java/security/PrivilegedActionException'> (0x00000000e0197e80) thrown at [C:\jenkins\workspace\8-2-build-windows-amd64-cygwin\jdk8u291\1294\hotspot\src\share\vm\prims\jvm.cpp, line 1523]
Event: 0.374 Thread 0x0000025292424000 Exception <a 'java/security/PrivilegedActionException'> (0x00000000e0198278) thrown at [C:\jenkins\workspace\8-2-build-windows-amd64-cygwin\jdk8u291\1294\hotspot\src\share\vm\prims\jvm.cpp, line 1523]

Events (10 events):
Event: 2.045 loading class com/sun/tools/javac/util/Position$LineTabMapImpl
Event: 2.045 loading class com/sun/tools/javac/util/Position$LineTabMapImpl done
Event: 2.060 loading class com/sun/tools/javac/tree/TreeInfo$2
Event: 2.060 loading class com/sun/tools/javac/tree/TreeInfo$2 done
Event: 2.065 Thread 0x0000025292424000 Uncommon trap: trap_request=0xffffff65 fr.pc=0x0000025293f575a4
Event: 2.065 Thread 0x0000025292424000 DEOPT PACKING pc=0x0000025293f575a4 sp=0x000000a48fcfe3a0
Event: 2.065 Thread 0x0000025292424000 DEOPT UNPACKING pc=0x0000025293e15843 sp=0x000000a48fcfe388 mode 2
Event: 2.073 Thread 0x0000025292424000 Uncommon trap: trap_request=0xffffff65 fr.pc=0x0000025293fdc888
Event: 2.073 Thread 0x0000025292424000 DEOPT PACKING pc=0x0000025293fdc888 sp=0x000000a48fcfd550
Event: 2.073 Thread 0x0000025292424000 DEOPT UNPACKING pc=0x0000025293e15843 sp=0x000000a48fcfd4f8 mode 2


Dynamic libraries:
0x00007ff6d6c40000 - 0x00007ff6d6c47000 	C:\Program Files\Java\jdk1.8.0_291\bin\javac.exe
0x00007ffc47c70000 - 0x00007ffc47e65000 	C:\Windows\SYSTEM32\ntdll.dll
0x00007ffc46dd0000 - 0x00007ffc46e8e000 	C:\Windows\System32\KERNEL32.DLL
0x00007ffc456c0000 - 0x00007ffc45988000 	C:\Windows\System32\KERNELBASE.dll
0x00007ffc45990000 - 0x00007ffc45a90000 	C:\Windows\System32\ucrtbase.dll
0x00007ffc3e260000 - 0x00007ffc3e29f000 	C:\Program Files\Java\jdk1.8.0_291\bin\jli.dll
0x00007ffc42f90000 - 0x00007ffc42fa5000 	C:\Program Files\Java\jdk1.8.0_291\bin\VCRUNTIME140.dll
0x00007ffc46020000 - 0x00007ffc460ce000 	C:\Windows\System32\ADVAPI32.dll
0x00007ffc46850000 - 0x00007ffc468ee000 	C:\Windows\System32\msvcrt.dll
0x00007ffc46b30000 - 0x00007ffc46bcc000 	C:\Windows\System32\sechost.dll
0x00007ffc46660000 - 0x00007ffc46785000 	C:\Windows\System32\RPCRT4.dll
0x00007ffc47070000 - 0x00007ffc47210000 	C:\Windows\System32\USER32.dll
0x00007ffc45c90000 - 0x00007ffc45cb2000 	C:\Windows\System32\win32u.dll
0x00007ffc46d30000 - 0x00007ffc46d5b000 	C:\Windows\System32\GDI32.dll
0x00007ffc455b0000 - 0x00007ffc456bd000 	C:\Windows\System32\gdi32full.dll
0x00007ffc45510000 - 0x00007ffc455ad000 	C:\Windows\System32\msvcp_win.dll
0x00007ffc296c0000 - 0x00007ffc2995a000 	C:\Windows\WinSxS\amd64_microsoft.windows.common-controls_6595b64144ccf1df_6.0.19041.1110_none_60b5254171f9507e\COMCTL32.dll
0x00007ffc46b00000 - 0x00007ffc46b30000 	C:\Windows\System32\IMM32.DLL
0x00007ffc43b80000 - 0x00007ffc43b95000 	C:\Program Files\Java\jdk1.8.0_291\jre\bin\vcruntime140.dll
0x00007ffc3afa0000 - 0x00007ffc3b03b000 	C:\Program Files\Java\jdk1.8.0_291\jre\bin\msvcp140.dll
0x000000006c820000 - 0x000000006d080000 	C:\Program Files\Java\jdk1.8.0_291\jre\bin\server\jvm.dll
0x00007ffc46e90000 - 0x00007ffc46e98000 	C:\Windows\System32\PSAPI.DLL
0x00007ffc3c1f0000 - 0x00007ffc3c217000 	C:\Windows\SYSTEM32\WINMM.dll
0x00007ffc2f6a0000 - 0x00007ffc2f6a9000 	C:\Windows\SYSTEM32\WSOCK32.dll
0x00007ffc43b00000 - 0x00007ffc43b0a000 	C:\Windows\SYSTEM32\VERSION.dll
0x00007ffc46d60000 - 0x00007ffc46dcb000 	C:\Windows\System32\WS2_32.dll
0x00007ffc43c50000 - 0x00007ffc43c62000 	C:\Windows\SYSTEM32\kernel.appcore.dll
0x00007ffc43be0000 - 0x00007ffc43bf0000 	C:\Program Files\Java\jdk1.8.0_291\jre\bin\verify.dll
0x00007ffc43aa0000 - 0x00007ffc43acb000 	C:\Program Files\Java\jdk1.8.0_291\jre\bin\java.dll
0x00007ffc43a80000 - 0x00007ffc43a98000 	C:\Program Files\Java\jdk1.8.0_291\jre\bin\zip.dll
0x00007ffc47330000 - 0x00007ffc47a74000 	C:\Windows\System32\SHELL32.dll
0x00007ffc432b0000 - 0x00007ffc43a44000 	C:\Windows\SYSTEM32\windows.storage.dll
0x00007ffc45cc0000 - 0x00007ffc46015000 	C:\Windows\System32\combase.dll
0x00007ffc44dd0000 - 0x00007ffc44dfe000 	C:\Windows\SYSTEM32\Wldp.dll
0x00007ffc46130000 - 0x00007ffc461dd000 	C:\Windows\System32\SHCORE.dll
0x00007ffc467f0000 - 0x00007ffc46845000 	C:\Windows\System32\shlwapi.dll
0x00007ffc452c0000 - 0x00007ffc452df000 	C:\Windows\SYSTEM32\profapi.dll
0x00007ffc3e750000 - 0x00007ffc3e934000 	C:\Windows\SYSTEM32\dbghelp.dll
0x00007ffc45430000 - 0x00007ffc454b2000 	C:\Windows\System32\bcryptPrimitives.dll

VM Arguments:
jvm_args: -Dapplication.home=C:\Program Files\Java\jdk1.8.0_291 -Xms8m -Xms512m -Xmx512m 
java_command: com.sun.tools.javac.Main -deprecation -d E:\CyprusERP\CyprusERP\base\build -classpath E:\CyprusERP\CyprusERP\base\build;E:\CyprusERP\CyprusERP\lib\CCTools.jar;E:\CyprusERP\CyprusERP\lib\oracle.jar;E:\CyprusERP\CyprusERP\lib\postgresql.jar;E:\CyprusERP\CyprusERP\lib\jboss.jar;E:\CyprusERP\CyprusERP\lib\glassfish.jar;E:\CyprusERP\CyprusERP\tools\lib\junit.jar;E:\CyprusERP\CyprusERP\tools\lib\jnlp.jar;E:\CyprusERP\CyprusERP\tools\lib\servlet-api.jar;E:\CyprusERP\CyprusERP\tools\lib\cron4j-2.2.1.jar;E:\CyprusERP\CyprusERP\tools\lib\joda-time-2.0.jar;E:\CyprusERP\CyprusERP\tools\lib\ant.jar;E:\CyprusERP\CyprusERP\tools\lib\ant-launcher.jar;E:\CyprusERP\CyprusERP\tools\lib\ant-commons-net.jar;E:\CyprusERP\CyprusERP\tools\lib\commons-net-1.4.0.jar;C:\Program Files\Java\jdk1.8.0_291\lib\tools.jar -sourcepath E:\CyprusERP\CyprusERP\base\src;E:\CyprusERP\CyprusERP\looks\src;E:\CyprusERP\CyprusERP\glassfishfacet\src;E:\CyprusERP\CyprusERP\jbossfacet\src -target 1.8 -encoding UTF-8 -g @C:\Users\welcome\AppData\Local\Temp\files79341968
java_class_path (initial): C:\Program Files\Java\jdk1.8.0_291/lib/tools.jar;C:\Program Files\Java\jdk1.8.0_291/classes
Launcher Type: SUN_STANDARD

Environment Variables:
JAVA_HOME=C:\Program Files\Java\jdk1.8.0_291
PATH="C:\Program Files\Java\jdk1.8.0_291\bin";F:\WINDOWS.X64_193000_db_home\bin;C:\Program Files (x86)\Common Files\Oracle\Java\javapath;C:\oraclexe\app\oracle\product\10.2.0\server\bin;C:\Windows\system32;C:\Windows;C:\Windows\System32\Wbem;C:\Windows\System32\WindowsPowerShell\v1.0\;C:\Windows\System32\OpenSSH\;C:\Program Files (x86)\ATI Technologies\ATI.ACE\Core-Static;C:\Program Files\Java\jdk1.8.0_291\bin;C:\Program Files (x86)\Java\jdk1.6.0_07\bin;C:\Users\welcome\AppData\Local\Microsoft\WindowsApps;
USERNAME=welcome
OS=Windows_NT
PROCESSOR_IDENTIFIER=AMD64 Family 18 Model 1 Stepping 0, AuthenticAMD



---------------  S Y S T E M  ---------------

OS: Windows 10.0 , 64 bit Build 19041 (10.0.19041.1503)

CPU:total 2 (initial active 2) (2 cores per cpu, 1 threads per core) family 18 model 1 stepping 0, cmov, cx8, fxsr, mmx, sse, sse2, sse3, popcnt, mmxext, 3dnowpref, lzcnt, sse4a, tsc, tscinvbit, tscinv

Memory: 4k page, physical 1549724k(263048k free), swap 6268316k(4160k free)

vm_info: Java HotSpot(TM) 64-Bit Server VM (25.291-b10) for windows-amd64 JRE (1.8.0_291-b10), built on Apr  9 2021 00:02:00 by "java_re" with MS VC++ 15.9 (VS2017)

time: Wed Mar  9 20:51:25 2022
timezone: India Standard Time
elapsed time: 2.189191 seconds (0d 0h 0m 2s)

